#
# There is insufficient memory for the Java Runtime Environment to continue.
# Native memory allocation (malloc) failed to allocate 229376 bytes for Chunk::new
# Possible reasons:
#   The system is out of physical RAM or swap space
#   The process is running with CompressedOops enabled, and the Java Heap may be blocking the growth of the native heap
# Possible solutions:
#   Reduce memory load on the system
#   Increase physical memory or swap space
#   Check if swap backing store is full
#   Decrease Java heap size (-Xmx/-Xms)
#   Decrease number of Java threads
#   Decrease Java thread stack sizes (-Xss)
#   Set larger code cache with -XX:ReservedCodeCacheSize=
#   JVM is running with Unscaled Compressed Oops mode in which the Java heap is
#     placed in the first 4GB address space. The Java Heap base address is the
#     maximum limit for the native heap growth. Please use -XX:HeapBaseMinAddress
#     to set the Java Heap base and to place the Java Heap above 4GB virtual address.
# This output file may be truncated or incomplete.
#
#  Out of Memory Error (./src/hotspot/share/memory/arena.cpp:197), pid=7488, tid=11596
#
# JRE version: OpenJDK Runtime Environment (11.0.12+7) (build 11.0.12+7-b1504.28-7817840)
# Java VM: OpenJDK 64-Bit Server VM (11.0.12+7-b1504.28-7817840, mixed mode, tiered, compressed oops, g1 gc, windows-amd64)
# No core dump will be written. Minidumps are not enabled by default on client versions of Windows
#

---------------  S U M M A R Y ------------

Command Line: --add-opens=java.base/java.util=ALL-UNNAMED --add-opens=java.base/java.lang=ALL-UNNAMED --add-opens=java.base/java.lang.invoke=ALL-UNNAMED --add-opens=java.base/java.util=ALL-UNNAMED --add-opens=java.prefs/java.util.prefs=ALL-UNNAMED --add-opens=java.prefs/java.util.prefs=ALL-UNNAMED --add-opens=java.base/java.nio.charset=ALL-UNNAMED --add-opens=java.base/java.net=ALL-UNNAMED --add-opens=java.base/java.util.concurrent.atomic=ALL-UNNAMED -Xmx2048m -Dfile.encoding=UTF-8 -Duser.country=US -Duser.language=en -Duser.variant org.gradle.launcher.daemon.bootstrap.GradleDaemon 7.3.3

Host: Intel(R) Core(TM) i5-4300M CPU @ 2.60GHz, 4 cores, 7G,  Windows 10 , 64 bit Build 19041 (10.0.19041.1741)
Time: Wed Jul  6 22:15:55 2022 E. Africa Standard Time elapsed time: 62.353137 seconds (0d 0h 1m 2s)

---------------  T H R E A D  ---------------

Current thread (0x0000022543541800):  JavaThread "C2 CompilerThread0" daemon [_thread_in_native, id=11596, stack(0x000000cc37600000,0x000000cc37700000)]


Current CompileTask:
C2:  62353 4528       4       com.esotericsoftware.kryo.io.Input::readString (127 bytes)

Stack: [0x000000cc37600000,0x000000cc37700000]
Native frames: (J=compiled Java code, j=interpreted, Vv=VM code, C=native code)
V  [jvm.dll+0x5fbcea]
V  [jvm.dll+0x731905]
V  [jvm.dll+0x732f1d]
V  [jvm.dll+0x7335d3]
V  [jvm.dll+0x247bf8]
V  [jvm.dll+0xc018c]
V  [jvm.dll+0xc06cc]
V  [jvm.dll+0x2bcc04]
V  [jvm.dll+0x5113a8]
V  [jvm.dll+0x208303]
V  [jvm.dll+0x201fe0]
V  [jvm.dll+0x1ff71f]
V  [jvm.dll+0x18868c]
V  [jvm.dll+0x20e0d7]
V  [jvm.dll+0x20c901]
V  [jvm.dll+0x6f9b7f]
V  [jvm.dll+0x6f26a5]
V  [jvm.dll+0x5fabf6]
C  [ucrtbase.dll+0x21bb2]
C  [KERNEL32.DLL+0x17034]
C  [ntdll.dll+0x52651]


---------------  P R O C E S S  ---------------

Threads class SMR info:
_java_thread_list=0x0000022549e800d0, length=73, elements={
0x000002252917b000, 0x0000022543520800, 0x0000022543523800, 0x0000022543ec3800,
0x0000022543539800, 0x000002254353c800, 0x0000022543541800, 0x0000022543550000,
0x0000022543553800, 0x0000022544010000, 0x0000022545c38800, 0x0000022545fc1000,
0x0000022544f95800, 0x00000225459b1000, 0x00000225459b2000, 0x000002254477b800,
0x0000022544d6a000, 0x0000022544d6b000, 0x0000022544d4c800, 0x0000022545198000,
0x000002254519b000, 0x000002254519c000, 0x0000022545199800, 0x000002254519c800,
0x0000022545197000, 0x000002254519a000, 0x000002254519d800, 0x0000022545198800,
0x0000022547d6f800, 0x0000022547d71000, 0x0000022547d6c800, 0x0000022547d6d000,
0x0000022547d72000, 0x0000022547d73800, 0x0000022547d73000, 0x0000022547d6e000,
0x0000022547d74800, 0x0000022547d6f000, 0x0000022547d79800, 0x0000022547d78000,
0x0000022547d78800, 0x0000022547d76000, 0x0000022547d7a000, 0x0000022547d75800,
0x0000022547d77000, 0x0000022547dff800, 0x0000022547dfd000, 0x0000022547e02000,
0x0000022547e01000, 0x0000022547e03000, 0x0000022547e03800, 0x0000022547e00800,
0x0000022547dfe000, 0x0000022547e04800, 0x0000022547dfe800, 0x0000022547e0a000,
0x0000022547e08800, 0x0000022547e09800, 0x0000022547e07000, 0x0000022547e0b000,
0x0000022547e07800, 0x0000022547e05000, 0x0000022547e06000, 0x0000022547e0c000,
0x0000022545dfe000, 0x0000022545dff000, 0x0000022545dff800, 0x0000022545e00800,
0x0000022545e01800, 0x0000022545e02000, 0x0000022545e03000, 0x0000022545dfd800,
0x0000022545e09800
}

Java Threads: ( => current thread )
  0x000002252917b000 JavaThread "main" [_thread_blocked, id=7456, stack(0x000000cc36a00000,0x000000cc36b00000)]
  0x0000022543520800 JavaThread "Reference Handler" daemon [_thread_blocked, id=4132, stack(0x000000cc37100000,0x000000cc37200000)]
  0x0000022543523800 JavaThread "Finalizer" daemon [_thread_blocked, id=7856, stack(0x000000cc37200000,0x000000cc37300000)]
  0x0000022543ec3800 JavaThread "Signal Dispatcher" daemon [_thread_blocked, id=8616, stack(0x000000cc37300000,0x000000cc37400000)]
  0x0000022543539800 JavaThread "Attach Listener" daemon [_thread_blocked, id=3656, stack(0x000000cc37400000,0x000000cc37500000)]
  0x000002254353c800 JavaThread "Service Thread" daemon [_thread_blocked, id=8072, stack(0x000000cc37500000,0x000000cc37600000)]
=>0x0000022543541800 JavaThread "C2 CompilerThread0" daemon [_thread_in_native, id=11596, stack(0x000000cc37600000,0x000000cc37700000)]
  0x0000022543550000 JavaThread "C1 CompilerThread0" daemon [_thread_blocked, id=5324, stack(0x000000cc37700000,0x000000cc37800000)]
  0x0000022543553800 JavaThread "Sweeper thread" daemon [_thread_blocked, id=13344, stack(0x000000cc37800000,0x000000cc37900000)]
  0x0000022544010000 JavaThread "Common-Cleaner" daemon [_thread_blocked, id=396, stack(0x000000cc37900000,0x000000cc37a00000)]
  0x0000022545c38800 JavaThread "Daemon health stats" [_thread_blocked, id=124, stack(0x000000cc37d00000,0x000000cc37e00000)]
  0x0000022545fc1000 JavaThread "Incoming local TCP Connector on port 64584" [_thread_in_native, id=10576, stack(0x000000cc37e00000,0x000000cc37f00000)]
  0x0000022544f95800 JavaThread "Daemon periodic checks" [_thread_blocked, id=5336, stack(0x000000cc37f00000,0x000000cc38000000)]
  0x00000225459b1000 JavaThread "Daemon" [_thread_blocked, id=12768, stack(0x000000cc38000000,0x000000cc38100000)]
  0x00000225459b2000 JavaThread "Handler for socket connection from /127.0.0.1:64584 to /127.0.0.1:64585" [_thread_in_native, id=13680, stack(0x000000cc38100000,0x000000cc38200000)]
  0x000002254477b800 JavaThread "Cancel handler" [_thread_blocked, id=11284, stack(0x000000cc38200000,0x000000cc38300000)]
  0x0000022544d6a000 JavaThread "Daemon worker" [_thread_blocked, id=6008, stack(0x000000cc38300000,0x000000cc38400000)]
  0x0000022544d6b000 JavaThread "Asynchronous log dispatcher for DefaultDaemonConnection: socket connection from /127.0.0.1:64584 to /127.0.0.1:64585" [_thread_blocked, id=13960, stack(0x000000cc38400000,0x000000cc38500000)]
  0x0000022544d4c800 JavaThread "Stdin handler" [_thread_blocked, id=1440, stack(0x000000cc38500000,0x000000cc38600000)]
  0x0000022545198000 JavaThread "Daemon client event forwarder" [_thread_blocked, id=1960, stack(0x000000cc38600000,0x000000cc38700000)]
  0x000002254519b000 JavaThread "Cache worker for journal cache (C:\Users\Christine\.gradle\caches\journal-1)" [_thread_blocked, id=13412, stack(0x000000cc38700000,0x000000cc38800000)]
  0x000002254519c000 JavaThread "File lock request listener" [_thread_in_native, id=12180, stack(0x000000cc38800000,0x000000cc38900000)]
  0x0000022545199800 JavaThread "Cache worker for file hash cache (C:\Users\Christine\.gradle\caches\7.3.3\fileHashes)" [_thread_blocked, id=11840, stack(0x000000cc38900000,0x000000cc38a00000)]
  0x000002254519c800 JavaThread "Cache worker for file hash cache (C:\Users\Christine\AndroidStudioProjects\NyimiriDrag_n_DropTesting\.gradle\7.3.3\fileHashes)" [_thread_blocked, id=13872, stack(0x000000cc38b00000,0x000000cc38c00000)]
  0x0000022545197000 JavaThread "File watcher server" daemon [_thread_in_native, id=11172, stack(0x000000cc38c00000,0x000000cc38d00000)]
  0x000002254519a000 JavaThread "File watcher consumer" daemon [_thread_blocked, id=3944, stack(0x000000cc38d00000,0x000000cc38e00000)]
  0x000002254519d800 JavaThread "Cache worker for checksums cache (C:\Users\Christine\AndroidStudioProjects\NyimiriDrag_n_DropTesting\.gradle\7.3.3\checksums)" [_thread_blocked, id=12520, stack(0x000000cc38e00000,0x000000cc38f00000)]
  0x0000022545198800 JavaThread "Cache worker for cache directory md-supplier (C:\Users\Christine\.gradle\caches\7.3.3\md-supplier)" [_thread_blocked, id=8564, stack(0x000000cc38f00000,0x000000cc39000000)]
  0x0000022547d6f800 JavaThread "Cache worker for cache directory md-rule (C:\Users\Christine\.gradle\caches\7.3.3\md-rule)" [_thread_blocked, id=1312, stack(0x000000cc39000000,0x000000cc39100000)]
  0x0000022547d71000 JavaThread "Cache worker for execution history cache (C:\Users\Christine\.gradle\caches\7.3.3\executionHistory)" [_thread_blocked, id=13444, stack(0x000000cc39100000,0x000000cc39200000)]
  0x0000022547d6c800 JavaThread "jar transforms" [_thread_blocked, id=13544, stack(0x000000cc39300000,0x000000cc39400000)]
  0x0000022547d6d000 JavaThread "Cache worker for file content cache (C:\Users\Christine\.gradle\caches\7.3.3\fileContent)" [_thread_blocked, id=3192, stack(0x000000cc39400000,0x000000cc39500000)]
  0x0000022547d72000 JavaThread "jar transforms Thread 2" [_thread_blocked, id=4568, stack(0x000000cc39500000,0x000000cc39600000)]
  0x0000022547d73800 JavaThread "Cache worker for dependencies-accessors (C:\Users\Christine\AndroidStudioProjects\NyimiriDrag_n_DropTesting\.gradle\7.3.3\dependencies-accessors)" [_thread_blocked, id=11244, stack(0x000000cc39600000,0x000000cc39700000)]
  0x0000022547d73000 JavaThread "jar transforms Thread 3" [_thread_blocked, id=10948, stack(0x000000cc39200000,0x000000cc39300000)]
  0x0000022547d6e000 JavaThread "Cache worker for Build Output Cleanup Cache (C:\Users\Christine\AndroidStudioProjects\NyimiriDrag_n_DropTesting\.gradle\buildOutputCleanup)" [_thread_blocked, id=8592, stack(0x000000cc39700000,0x000000cc39800000)]
  0x0000022547d74800 JavaThread "Unconstrained build operations" [_thread_blocked, id=7564, stack(0x000000cc36700000,0x000000cc36800000)]
  0x0000022547d6f000 JavaThread "Unconstrained build operations Thread 2" [_thread_blocked, id=11572, stack(0x000000cc36800000,0x000000cc36900000)]
  0x0000022547d79800 JavaThread "Unconstrained build operations Thread 3" [_thread_blocked, id=2704, stack(0x000000cc36900000,0x000000cc36a00000)]
  0x0000022547d78000 JavaThread "Unconstrained build operations Thread 4" [_thread_blocked, id=13576, stack(0x000000cc39a00000,0x000000cc39b00000)]
  0x0000022547d78800 JavaThread "Unconstrained build operations Thread 5" [_thread_blocked, id=13548, stack(0x000000cc39b00000,0x000000cc39c00000)]
  0x0000022547d76000 JavaThread "Unconstrained build operations Thread 6" [_thread_blocked, id=11540, stack(0x000000cc39c00000,0x000000cc39d00000)]
  0x0000022547d7a000 JavaThread "Unconstrained build operations Thread 7" [_thread_blocked, id=13940, stack(0x000000cc39d00000,0x000000cc39e00000)]
  0x0000022547d75800 JavaThread "Unconstrained build operations Thread 8" [_thread_blocked, id=11012, stack(0x000000cc39e00000,0x000000cc39f00000)]
  0x0000022547d77000 JavaThread "Unconstrained build operations Thread 9" [_thread_blocked, id=10704, stack(0x000000cc39f00000,0x000000cc3a000000)]
  0x0000022547dff800 JavaThread "Unconstrained build operations Thread 10" [_thread_blocked, id=13932, stack(0x000000cc3a000000,0x000000cc3a100000)]
  0x0000022547dfd000 JavaThread "Unconstrained build operations Thread 11" [_thread_blocked, id=5560, stack(0x000000cc3a100000,0x000000cc3a200000)]
  0x0000022547e02000 JavaThread "Unconstrained build operations Thread 12" [_thread_blocked, id=4812, stack(0x000000cc3a200000,0x000000cc3a300000)]
  0x0000022547e01000 JavaThread "Unconstrained build operations Thread 13" [_thread_blocked, id=11176, stack(0x000000cc3a300000,0x000000cc3a400000)]
  0x0000022547e03000 JavaThread "Unconstrained build operations Thread 14" [_thread_blocked, id=3080, stack(0x000000cc3a400000,0x000000cc3a500000)]
  0x0000022547e03800 JavaThread "Unconstrained build operations Thread 15" [_thread_blocked, id=8808, stack(0x000000cc3a500000,0x000000cc3a600000)]
  0x0000022547e00800 JavaThread "Unconstrained build operations Thread 16" [_thread_blocked, id=3208, stack(0x000000cc3a600000,0x000000cc3a700000)]
  0x0000022547dfe000 JavaThread "Unconstrained build operations Thread 17" [_thread_blocked, id=10556, stack(0x000000cc3a800000,0x000000cc3a900000)]
  0x0000022547e04800 JavaThread "Unconstrained build operations Thread 18" [_thread_blocked, id=10416, stack(0x000000cc3a900000,0x000000cc3aa00000)]
  0x0000022547dfe800 JavaThread "Unconstrained build operations Thread 19" [_thread_blocked, id=8464, stack(0x000000cc3aa00000,0x000000cc3ab00000)]
  0x0000022547e0a000 JavaThread "Unconstrained build operations Thread 20" [_thread_blocked, id=13780, stack(0x000000cc3ab00000,0x000000cc3ac00000)]
  0x0000022547e08800 JavaThread "Unconstrained build operations Thread 21" [_thread_blocked, id=10452, stack(0x000000cc3ac00000,0x000000cc3ad00000)]
  0x0000022547e09800 JavaThread "Unconstrained build operations Thread 22" [_thread_blocked, id=5660, stack(0x000000cc3ad00000,0x000000cc3ae00000)]
  0x0000022547e07000 JavaThread "Unconstrained build operations Thread 23" [_thread_blocked, id=12292, stack(0x000000cc3ae00000,0x000000cc3af00000)]
  0x0000022547e0b000 JavaThread "Unconstrained build operations Thread 24" [_thread_blocked, id=11984, stack(0x000000cc3af00000,0x000000cc3b000000)]
  0x0000022547e07800 JavaThread "Unconstrained build operations Thread 25" [_thread_blocked, id=2992, stack(0x000000cc3b000000,0x000000cc3b100000)]
  0x0000022547e05000 JavaThread "Unconstrained build operations Thread 26" [_thread_blocked, id=7952, stack(0x000000cc3b100000,0x000000cc3b200000)]
  0x0000022547e06000 JavaThread "Unconstrained build operations Thread 27" [_thread_blocked, id=836, stack(0x000000cc3b200000,0x000000cc3b300000)]
  0x0000022547e0c000 JavaThread "Unconstrained build operations Thread 28" [_thread_blocked, id=5752, stack(0x000000cc3b300000,0x000000cc3b400000)]
  0x0000022545dfe000 JavaThread "Unconstrained build operations Thread 29" [_thread_blocked, id=1004, stack(0x000000cc3b400000,0x000000cc3b500000)]
  0x0000022545dff000 JavaThread "Unconstrained build operations Thread 30" [_thread_blocked, id=9724, stack(0x000000cc3b500000,0x000000cc3b600000)]
  0x0000022545dff800 JavaThread "Unconstrained build operations Thread 31" [_thread_blocked, id=12708, stack(0x000000cc3b600000,0x000000cc3b700000)]
  0x0000022545e00800 JavaThread "Unconstrained build operations Thread 32" [_thread_blocked, id=11296, stack(0x000000cc3b700000,0x000000cc3b800000)]
  0x0000022545e01800 JavaThread "Unconstrained build operations Thread 33" [_thread_blocked, id=9316, stack(0x000000cc3b800000,0x000000cc3b900000)]
  0x0000022545e02000 JavaThread "Unconstrained build operations Thread 34" [_thread_blocked, id=11228, stack(0x000000cc3b900000,0x000000cc3ba00000)]
  0x0000022545e03000 JavaThread "Unconstrained build operations Thread 35" [_thread_blocked, id=7760, stack(0x000000cc3ba00000,0x000000cc3bb00000)]
  0x0000022545dfd800 JavaThread "Unconstrained build operations Thread 36" [_thread_blocked, id=10528, stack(0x000000cc3bb00000,0x000000cc3bc00000)]
  0x0000022545e09800 JavaThread "Unconstrained build operations Thread 37" [_thread_blocked, id=11792, stack(0x000000cc3bc00000,0x000000cc3bd00000)]

Other Threads:
  0x000002254351b000 VMThread "VM Thread" [stack: 0x000000cc37000000,0x000000cc37100000] [id=12348] _threads_hazard_ptr=0x0000022549e800d0
  0x000002254404f000 WatcherThread [stack: 0x000000cc37a00000,0x000000cc37b00000] [id=11676]
  0x0000022529193800 GCTaskThread "GC Thread#0" [stack: 0x000000cc36b00000,0x000000cc36c00000] [id=13208]
  0x00000225444a6800 GCTaskThread "GC Thread#1" [stack: 0x000000cc37b00000,0x000000cc37c00000] [id=4008]
  0x0000022544764000 GCTaskThread "GC Thread#2" [stack: 0x000000cc37c00000,0x000000cc37d00000] [id=12732]
  0x0000022543f00000 GCTaskThread "GC Thread#3" [stack: 0x000000cc38a00000,0x000000cc38b00000] [id=6348]
  0x00000225291c3000 ConcurrentGCThread "G1 Main Marker" [stack: 0x000000cc36c00000,0x000000cc36d00000] [id=3780]
  0x00000225291c5000 ConcurrentGCThread "G1 Conc#0" [stack: 0x000000cc36d00000,0x000000cc36e00000] [id=12172]
  0x0000022529259000 ConcurrentGCThread "G1 Refine#0" [stack: 0x000000cc36e00000,0x000000cc36f00000] [id=2480]
  0x000002252925a000 ConcurrentGCThread "G1 Young RemSet Sampling" [stack: 0x000000cc36f00000,0x000000cc37000000] [id=1140]

Threads with active compile tasks:
C2 CompilerThread0  63398 4528       4       com.esotericsoftware.kryo.io.Input::readString (127 bytes)
C1 CompilerThread0  63398 4702       1       java.lang.StackTraceElement::getClassName (5 bytes)

VM state:at safepoint (normal execution)

VM Mutex/Monitor currently owned by a thread:  ([mutex/lock_event])
[0x0000022529177440] Threads_lock - owner thread: 0x000002254351b000

OutOfMemory and StackOverflow Exception counts:
OutOfMemoryError java_heap_errors=1
LinkageErrors=72

Heap address: 0x0000000080000000, size: 2048 MB, Compressed Oops mode: 32-bit
Narrow klass base: 0x0000000000000000, Narrow klass shift: 3
Compressed class space size: 1073741824 Address: 0x0000000100000000

Heap:
 garbage-first heap   total 131072K, used 70978K [0x0000000080000000, 0x0000000100000000)
  region size 1024K, 44 young (45056K), 3 survivors (3072K)
 Metaspace       used 48059K, capacity 49268K, committed 49408K, reserved 1093632K
  class space    used 6189K, capacity 6651K, committed 6656K, reserved 1048576K
Heap Regions: E=young(eden), S=young(survivor), O=old, HS=humongous(starts), HC=humongous(continues), CS=collection set, F=free, A=archive, TAMS=top-at-mark-start (previous, next)
|   0|0x0000000080000000, 0x0000000080100000, 0x0000000080100000|100%| O|  |TAMS 0x0000000080100000, 0x0000000080000000| Untracked 
|   1|0x0000000080100000, 0x0000000080200000, 0x0000000080200000|100%| O|  |TAMS 0x0000000080200000, 0x0000000080100000| Untracked 
|   2|0x0000000080200000, 0x0000000080300000, 0x0000000080300000|100%| O|  |TAMS 0x0000000080300000, 0x0000000080200000| Untracked 
|   3|0x0000000080300000, 0x0000000080400000, 0x0000000080400000|100%|HS|  |TAMS 0x0000000080400000, 0x0000000080300000| Complete 
|   4|0x0000000080400000, 0x0000000080500000, 0x0000000080500000|100%|HC|  |TAMS 0x0000000080500000, 0x0000000080400000| Complete 
|   5|0x0000000080500000, 0x0000000080600000, 0x0000000080600000|100%|HC|  |TAMS 0x0000000080600000, 0x0000000080500000| Complete 
|   6|0x0000000080600000, 0x0000000080700000, 0x0000000080700000|100%| O|  |TAMS 0x0000000080700000, 0x0000000080600000| Untracked 
|   7|0x0000000080700000, 0x0000000080800000, 0x0000000080800000|100%| O|  |TAMS 0x0000000080800000, 0x0000000080700000| Untracked 
|   8|0x0000000080800000, 0x0000000080900000, 0x0000000080900000|100%| O|  |TAMS 0x0000000080900000, 0x0000000080800000| Untracked 
|   9|0x0000000080900000, 0x0000000080a00000, 0x0000000080a00000|100%| O|  |TAMS 0x0000000080a00000, 0x0000000080900000| Untracked 
|  10|0x0000000080a00000, 0x0000000080b00000, 0x0000000080b00000|100%| O|  |TAMS 0x0000000080b00000, 0x0000000080a00000| Untracked 
|  11|0x0000000080b00000, 0x0000000080c00000, 0x0000000080c00000|100%| O|  |TAMS 0x0000000080c00000, 0x0000000080b00000| Untracked 
|  12|0x0000000080c00000, 0x0000000080d00000, 0x0000000080d00000|100%| O|  |TAMS 0x0000000080d00000, 0x0000000080c00000| Untracked 
|  13|0x0000000080d00000, 0x0000000080e00000, 0x0000000080e00000|100%| O|  |TAMS 0x0000000080e00000, 0x0000000080d00000| Untracked 
|  14|0x0000000080e00000, 0x0000000080f00000, 0x0000000080f00000|100%| O|  |TAMS 0x0000000080f00000, 0x0000000080e00000| Untracked 
|  15|0x0000000080f00000, 0x0000000081000000, 0x0000000081000000|100%| O|  |TAMS 0x0000000081000000, 0x0000000080f00000| Untracked 
|  16|0x0000000081000000, 0x0000000081100000, 0x0000000081100000|100%| O|  |TAMS 0x00000000810bf200, 0x0000000081000000| Untracked 
|  17|0x0000000081100000, 0x0000000081100000, 0x0000000081200000|  0%| F|  |TAMS 0x0000000081100000, 0x0000000081100000| Untracked 
|  18|0x0000000081200000, 0x0000000081300000, 0x0000000081300000|100%| O|  |TAMS 0x0000000081200000, 0x0000000081200000| Untracked 
|  19|0x0000000081300000, 0x0000000081400000, 0x0000000081400000|100%| O|  |TAMS 0x0000000081300000, 0x0000000081300000| Untracked 
|  20|0x0000000081400000, 0x0000000081500000, 0x0000000081500000|100%| O|  |TAMS 0x0000000081400000, 0x0000000081400000| Untracked 
|  21|0x0000000081500000, 0x0000000081600000, 0x0000000081600000|100%| O|  |TAMS 0x0000000081500000, 0x0000000081500000| Untracked 
|  22|0x0000000081600000, 0x0000000081700000, 0x0000000081700000|100%| O|  |TAMS 0x0000000081600000, 0x0000000081600000| Untracked 
|  23|0x0000000081700000, 0x0000000081800000, 0x0000000081800000|100%| O|  |TAMS 0x0000000081700000, 0x0000000081700000| Untracked 
|  24|0x0000000081800000, 0x0000000081900000, 0x0000000081900000|100%| O|  |TAMS 0x0000000081800000, 0x0000000081800000| Untracked 
|  25|0x0000000081900000, 0x0000000081a00000, 0x0000000081a00000|100%| O|  |TAMS 0x0000000081900000, 0x0000000081900000| Untracked 
|  26|0x0000000081a00000, 0x0000000081b00000, 0x0000000081b00000|100%| O|  |TAMS 0x0000000081a00000, 0x0000000081a00000| Untracked 
|  27|0x0000000081b00000, 0x0000000081b50a00, 0x0000000081c00000| 31%| O|  |TAMS 0x0000000081b00000, 0x0000000081b00000| Untracked 
|  28|0x0000000081c00000, 0x0000000081c00000, 0x0000000081d00000|  0%| F|  |TAMS 0x0000000081c00000, 0x0000000081c00000| Untracked 
|  29|0x0000000081d00000, 0x0000000081d00000, 0x0000000081e00000|  0%| F|  |TAMS 0x0000000081d00000, 0x0000000081d00000| Untracked 
|  30|0x0000000081e00000, 0x0000000081e00000, 0x0000000081f00000|  0%| F|  |TAMS 0x0000000081e00000, 0x0000000081e00000| Untracked 
|  31|0x0000000081f00000, 0x0000000081f00000, 0x0000000082000000|  0%| F|  |TAMS 0x0000000081f00000, 0x0000000081f00000| Untracked 
|  32|0x0000000082000000, 0x0000000082000000, 0x0000000082100000|  0%| F|  |TAMS 0x0000000082000000, 0x0000000082000000| Untracked 
|  33|0x0000000082100000, 0x0000000082100000, 0x0000000082200000|  0%| F|  |TAMS 0x0000000082100000, 0x0000000082100000| Untracked 
|  34|0x0000000082200000, 0x0000000082200000, 0x0000000082300000|  0%| F|  |TAMS 0x0000000082200000, 0x0000000082200000| Untracked 
|  35|0x0000000082300000, 0x0000000082300000, 0x0000000082400000|  0%| F|  |TAMS 0x0000000082300000, 0x0000000082300000| Untracked 
|  36|0x0000000082400000, 0x0000000082400000, 0x0000000082500000|  0%| F|  |TAMS 0x0000000082400000, 0x0000000082400000| Untracked 
|  37|0x0000000082500000, 0x0000000082500000, 0x0000000082600000|  0%| F|  |TAMS 0x0000000082500000, 0x0000000082500000| Untracked 
|  38|0x0000000082600000, 0x0000000082600000, 0x0000000082700000|  0%| F|  |TAMS 0x0000000082600000, 0x0000000082600000| Untracked 
|  39|0x0000000082700000, 0x0000000082700000, 0x0000000082800000|  0%| F|  |TAMS 0x0000000082700000, 0x0000000082700000| Untracked 
|  40|0x0000000082800000, 0x0000000082800000, 0x0000000082900000|  0%| F|  |TAMS 0x0000000082800000, 0x0000000082800000| Untracked 
|  41|0x0000000082900000, 0x0000000082900000, 0x0000000082a00000|  0%| F|  |TAMS 0x0000000082900000, 0x0000000082900000| Untracked 
|  42|0x0000000082a00000, 0x0000000082a00000, 0x0000000082b00000|  0%| F|  |TAMS 0x0000000082a00000, 0x0000000082a00000| Untracked 
|  43|0x0000000082b00000, 0x0000000082b00000, 0x0000000082c00000|  0%| F|  |TAMS 0x0000000082b00000, 0x0000000082b00000| Untracked 
|  44|0x0000000082c00000, 0x0000000082c00000, 0x0000000082d00000|  0%| F|  |TAMS 0x0000000082c00000, 0x0000000082c00000| Untracked 
|  45|0x0000000082d00000, 0x0000000082d00000, 0x0000000082e00000|  0%| F|  |TAMS 0x0000000082d00000, 0x0000000082d00000| Untracked 
|  46|0x0000000082e00000, 0x0000000082e00000, 0x0000000082f00000|  0%| F|  |TAMS 0x0000000082e00000, 0x0000000082e00000| Untracked 
|  47|0x0000000082f00000, 0x0000000082f00000, 0x0000000083000000|  0%| F|  |TAMS 0x0000000082f00000, 0x0000000082f00000| Untracked 
|  48|0x0000000083000000, 0x0000000083000000, 0x0000000083100000|  0%| F|  |TAMS 0x0000000083000000, 0x0000000083000000| Untracked 
|  49|0x0000000083100000, 0x0000000083100000, 0x0000000083200000|  0%| F|  |TAMS 0x0000000083100000, 0x0000000083100000| Untracked 
|  50|0x0000000083200000, 0x0000000083200000, 0x0000000083300000|  0%| F|  |TAMS 0x0000000083200000, 0x0000000083200000| Untracked 
|  51|0x0000000083300000, 0x0000000083300000, 0x0000000083400000|  0%| F|  |TAMS 0x0000000083300000, 0x0000000083300000| Untracked 
|  52|0x0000000083400000, 0x0000000083400000, 0x0000000083500000|  0%| F|  |TAMS 0x0000000083400000, 0x0000000083400000| Untracked 
|  53|0x0000000083500000, 0x0000000083500000, 0x0000000083600000|  0%| F|  |TAMS 0x0000000083500000, 0x0000000083500000| Untracked 
|  54|0x0000000083600000, 0x0000000083600000, 0x0000000083700000|  0%| F|  |TAMS 0x0000000083600000, 0x0000000083600000| Untracked 
|  55|0x0000000083700000, 0x0000000083700000, 0x0000000083800000|  0%| F|  |TAMS 0x0000000083700000, 0x0000000083700000| Untracked 
|  56|0x0000000083800000, 0x0000000083800000, 0x0000000083900000|  0%| F|  |TAMS 0x0000000083800000, 0x0000000083800000| Untracked 
|  57|0x0000000083900000, 0x0000000083900000, 0x0000000083a00000|  0%| F|  |TAMS 0x0000000083900000, 0x0000000083900000| Untracked 
|  58|0x0000000083a00000, 0x0000000083a00000, 0x0000000083b00000|  0%| F|  |TAMS 0x0000000083a00000, 0x0000000083a00000| Untracked 
|  59|0x0000000083b00000, 0x0000000083b00000, 0x0000000083c00000|  0%| F|  |TAMS 0x0000000083b00000, 0x0000000083b00000| Untracked 
|  60|0x0000000083c00000, 0x0000000083c00000, 0x0000000083d00000|  0%| F|  |TAMS 0x0000000083c00000, 0x0000000083c00000| Untracked 
|  61|0x0000000083d00000, 0x0000000083d00000, 0x0000000083e00000|  0%| F|  |TAMS 0x0000000083d00000, 0x0000000083d00000| Untracked 
|  62|0x0000000083e00000, 0x0000000083e00000, 0x0000000083f00000|  0%| F|  |TAMS 0x0000000083e00000, 0x0000000083e00000| Untracked 
|  63|0x0000000083f00000, 0x0000000083f00000, 0x0000000084000000|  0%| F|  |TAMS 0x0000000083f00000, 0x0000000083f00000| Untracked 
|  64|0x0000000084000000, 0x0000000084000000, 0x0000000084100000|  0%| F|  |TAMS 0x0000000084000000, 0x0000000084000000| Untracked 
|  65|0x0000000084100000, 0x0000000084200000, 0x0000000084200000|100%| S|CS|TAMS 0x0000000084100000, 0x0000000084100000| Complete 
|  66|0x0000000084200000, 0x0000000084300000, 0x0000000084300000|100%| S|CS|TAMS 0x0000000084200000, 0x0000000084200000| Complete 
|  67|0x0000000084300000, 0x0000000084400000, 0x0000000084400000|100%| S|CS|TAMS 0x0000000084300000, 0x0000000084300000| Complete 
|  68|0x0000000084400000, 0x0000000084400000, 0x0000000084500000|  0%| F|  |TAMS 0x0000000084400000, 0x0000000084400000| Untracked 
|  69|0x0000000084500000, 0x0000000084500000, 0x0000000084600000|  0%| F|  |TAMS 0x0000000084500000, 0x0000000084500000| Untracked 
|  70|0x0000000084600000, 0x0000000084600000, 0x0000000084700000|  0%| F|  |TAMS 0x0000000084600000, 0x0000000084600000| Untracked 
|  71|0x0000000084700000, 0x0000000084700000, 0x0000000084800000|  0%| F|  |TAMS 0x0000000084700000, 0x0000000084700000| Untracked 
|  72|0x0000000084800000, 0x0000000084800000, 0x0000000084900000|  0%| F|  |TAMS 0x0000000084800000, 0x0000000084800000| Untracked 
|  73|0x0000000084900000, 0x0000000084900000, 0x0000000084a00000|  0%| F|  |TAMS 0x0000000084900000, 0x0000000084900000| Untracked 
|  74|0x0000000084a00000, 0x0000000084a00000, 0x0000000084b00000|  0%| F|  |TAMS 0x0000000084a00000, 0x0000000084a00000| Untracked 
|  75|0x0000000084b00000, 0x0000000084b00000, 0x0000000084c00000|  0%| F|  |TAMS 0x0000000084b00000, 0x0000000084b00000| Untracked 
|  76|0x0000000084c00000, 0x0000000084c00000, 0x0000000084d00000|  0%| F|  |TAMS 0x0000000084c00000, 0x0000000084c00000| Untracked 
|  77|0x0000000084d00000, 0x0000000084d00000, 0x0000000084e00000|  0%| F|  |TAMS 0x0000000084d00000, 0x0000000084d00000| Untracked 
|  78|0x0000000084e00000, 0x0000000084e00000, 0x0000000084f00000|  0%| F|  |TAMS 0x0000000084e00000, 0x0000000084e00000| Untracked 
|  79|0x0000000084f00000, 0x0000000084f00000, 0x0000000085000000|  0%| F|  |TAMS 0x0000000084f00000, 0x0000000084f00000| Untracked 
|  80|0x0000000085000000, 0x0000000085000000, 0x0000000085100000|  0%| F|  |TAMS 0x0000000085000000, 0x0000000085000000| Untracked 
|  81|0x0000000085100000, 0x0000000085100000, 0x0000000085200000|  0%| F|  |TAMS 0x0000000085100000, 0x0000000085100000| Untracked 
|  82|0x0000000085200000, 0x0000000085200000, 0x0000000085300000|  0%| F|  |TAMS 0x0000000085200000, 0x0000000085200000| Untracked 
|  83|0x0000000085300000, 0x0000000085300000, 0x0000000085400000|  0%| F|  |TAMS 0x0000000085300000, 0x0000000085300000| Untracked 
|  84|0x0000000085400000, 0x0000000085400000, 0x0000000085500000|  0%| F|  |TAMS 0x0000000085400000, 0x0000000085400000| Untracked 
|  85|0x0000000085500000, 0x0000000085500000, 0x0000000085600000|  0%| F|  |TAMS 0x0000000085500000, 0x0000000085500000| Untracked 
|  86|0x0000000085600000, 0x0000000085600000, 0x0000000085700000|  0%| F|  |TAMS 0x0000000085600000, 0x0000000085600000| Untracked 
|  87|0x0000000085700000, 0x000000008579c678, 0x0000000085800000| 61%| E|  |TAMS 0x0000000085700000, 0x0000000085700000| Complete 
|  88|0x0000000085800000, 0x0000000085900000, 0x0000000085900000|100%| E|CS|TAMS 0x0000000085800000, 0x0000000085800000| Complete 
|  89|0x0000000085900000, 0x0000000085a00000, 0x0000000085a00000|100%| E|CS|TAMS 0x0000000085900000, 0x0000000085900000| Complete 
|  90|0x0000000085a00000, 0x0000000085b00000, 0x0000000085b00000|100%| E|CS|TAMS 0x0000000085a00000, 0x0000000085a00000| Complete 
|  91|0x0000000085b00000, 0x0000000085c00000, 0x0000000085c00000|100%| E|CS|TAMS 0x0000000085b00000, 0x0000000085b00000| Complete 
|  92|0x0000000085c00000, 0x0000000085d00000, 0x0000000085d00000|100%| E|CS|TAMS 0x0000000085c00000, 0x0000000085c00000| Complete 
|  93|0x0000000085d00000, 0x0000000085e00000, 0x0000000085e00000|100%| E|CS|TAMS 0x0000000085d00000, 0x0000000085d00000| Complete 
|  94|0x0000000085e00000, 0x0000000085f00000, 0x0000000085f00000|100%| E|CS|TAMS 0x0000000085e00000, 0x0000000085e00000| Complete 
|  95|0x0000000085f00000, 0x0000000086000000, 0x0000000086000000|100%| E|CS|TAMS 0x0000000085f00000, 0x0000000085f00000| Complete 
|  96|0x0000000086000000, 0x0000000086100000, 0x0000000086100000|100%| E|CS|TAMS 0x0000000086000000, 0x0000000086000000| Complete 
|  97|0x0000000086100000, 0x0000000086200000, 0x0000000086200000|100%| E|CS|TAMS 0x0000000086100000, 0x0000000086100000| Complete 
|  98|0x0000000086200000, 0x0000000086300000, 0x0000000086300000|100%| E|CS|TAMS 0x0000000086200000, 0x0000000086200000| Complete 
|  99|0x0000000086300000, 0x0000000086400000, 0x0000000086400000|100%| E|CS|TAMS 0x0000000086300000, 0x0000000086300000| Complete 
| 100|0x0000000086400000, 0x0000000086500000, 0x0000000086500000|100%| E|CS|TAMS 0x0000000086400000, 0x0000000086400000| Complete 
| 101|0x0000000086500000, 0x0000000086600000, 0x0000000086600000|100%| E|CS|TAMS 0x0000000086500000, 0x0000000086500000| Complete 
| 102|0x0000000086600000, 0x0000000086700000, 0x0000000086700000|100%| E|CS|TAMS 0x0000000086600000, 0x0000000086600000| Complete 
| 103|0x0000000086700000, 0x0000000086800000, 0x0000000086800000|100%| E|CS|TAMS 0x0000000086700000, 0x0000000086700000| Complete 
| 104|0x0000000086800000, 0x0000000086900000, 0x0000000086900000|100%| E|CS|TAMS 0x0000000086800000, 0x0000000086800000| Complete 
| 105|0x0000000086900000, 0x0000000086a00000, 0x0000000086a00000|100%| E|CS|TAMS 0x0000000086900000, 0x0000000086900000| Complete 
| 106|0x0000000086a00000, 0x0000000086b00000, 0x0000000086b00000|100%| E|CS|TAMS 0x0000000086a00000, 0x0000000086a00000| Complete 
| 107|0x0000000086b00000, 0x0000000086c00000, 0x0000000086c00000|100%| E|CS|TAMS 0x0000000086b00000, 0x0000000086b00000| Complete 
| 108|0x0000000086c00000, 0x0000000086d00000, 0x0000000086d00000|100%| E|CS|TAMS 0x0000000086c00000, 0x0000000086c00000| Complete 
| 109|0x0000000086d00000, 0x0000000086e00000, 0x0000000086e00000|100%| E|CS|TAMS 0x0000000086d00000, 0x0000000086d00000| Complete 
| 110|0x0000000086e00000, 0x0000000086f00000, 0x0000000086f00000|100%| E|CS|TAMS 0x0000000086e00000, 0x0000000086e00000| Complete 
| 111|0x0000000086f00000, 0x0000000087000000, 0x0000000087000000|100%| E|CS|TAMS 0x0000000086f00000, 0x0000000086f00000| Complete 
| 112|0x0000000087000000, 0x0000000087100000, 0x0000000087100000|100%| E|CS|TAMS 0x0000000087000000, 0x0000000087000000| Complete 
| 113|0x0000000087100000, 0x0000000087200000, 0x0000000087200000|100%| E|CS|TAMS 0x0000000087100000, 0x0000000087100000| Complete 
| 114|0x0000000087200000, 0x0000000087300000, 0x0000000087300000|100%| E|CS|TAMS 0x0000000087200000, 0x0000000087200000| Complete 
| 115|0x0000000087300000, 0x0000000087400000, 0x0000000087400000|100%| E|CS|TAMS 0x0000000087300000, 0x0000000087300000| Complete 
| 116|0x0000000087400000, 0x0000000087500000, 0x0000000087500000|100%| E|CS|TAMS 0x0000000087400000, 0x0000000087400000| Complete 
| 117|0x0000000087500000, 0x0000000087600000, 0x0000000087600000|100%| E|CS|TAMS 0x0000000087500000, 0x0000000087500000| Complete 
| 118|0x0000000087600000, 0x0000000087700000, 0x0000000087700000|100%| E|CS|TAMS 0x0000000087600000, 0x0000000087600000| Complete 
| 119|0x0000000087700000, 0x0000000087800000, 0x0000000087800000|100%| E|CS|TAMS 0x0000000087700000, 0x0000000087700000| Complete 
| 120|0x0000000087800000, 0x0000000087900000, 0x0000000087900000|100%| E|CS|TAMS 0x0000000087800000, 0x0000000087800000| Complete 
| 121|0x0000000087900000, 0x0000000087a00000, 0x0000000087a00000|100%| E|CS|TAMS 0x0000000087900000, 0x0000000087900000| Complete 
| 122|0x0000000087a00000, 0x0000000087b00000, 0x0000000087b00000|100%| E|CS|TAMS 0x0000000087a00000, 0x0000000087a00000| Complete 
| 123|0x0000000087b00000, 0x0000000087c00000, 0x0000000087c00000|100%| E|CS|TAMS 0x0000000087b00000, 0x0000000087b00000| Complete 
| 124|0x0000000087c00000, 0x0000000087d00000, 0x0000000087d00000|100%| E|CS|TAMS 0x0000000087c00000, 0x0000000087c00000| Complete 
| 125|0x0000000087d00000, 0x0000000087e00000, 0x0000000087e00000|100%| E|CS|TAMS 0x0000000087d00000, 0x0000000087d00000| Complete 
| 126|0x0000000087e00000, 0x0000000087f00000, 0x0000000087f00000|100%| E|CS|TAMS 0x0000000087e00000, 0x0000000087e00000| Complete 
| 127|0x0000000087f00000, 0x0000000088000000, 0x0000000088000000|100%| E|CS|TAMS 0x0000000087f00000, 0x0000000087f00000| Complete 

Card table byte_map: [0x000002253c6e0000,0x000002253cae0000] _byte_map_base: 0x000002253c2e0000

Marking Bits (Prev, Next): (CMBitMap*) 0x00000225291ba088, (CMBitMap*) 0x00000225291ba0c0
 Prev Bits: [0x000002253cee0000, 0x000002253eee0000)
 Next Bits: [0x000002253eee0000, 0x0000022540ee0000)

Polling page: 0x000002252cc90000

Metaspace:

Usage:
  Non-class:     41.62 MB capacity,    40.89 MB ( 98%) used,   621.28 KB (  1%) free+waste,   125.38 KB ( <1%) overhead. 
      Class:      6.50 MB capacity,     6.04 MB ( 93%) used,   401.30 KB (  6%) free+waste,    60.13 KB ( <1%) overhead. 
       Both:     48.11 MB capacity,    46.93 MB ( 98%) used,  1022.58 KB (  2%) free+waste,   185.50 KB ( <1%) overhead. 

Virtual space:
  Non-class space:       44.00 MB reserved,      41.75 MB ( 95%) committed 
      Class space:        1.00 GB reserved,       6.50 MB ( <1%) committed 
             Both:        1.04 GB reserved,      48.25 MB (  5%) committed 

Chunk freelists:
   Non-Class:  7.00 KB
       Class:  5.00 KB
        Both:  12.00 KB

MaxMetaspaceSize: 17179869184.00 GB
CompressedClassSpaceSize: 1.00 GB
Initial GC threshold: 20.80 MB
Current GC threshold: 58.54 MB
CDS: off

CodeHeap 'non-profiled nmethods': size=120064Kb used=2726Kb max_used=2726Kb free=117338Kb
 bounds [0x0000022534770000, 0x0000022534a20000, 0x000002253bcb0000]
CodeHeap 'profiled nmethods': size=120000Kb used=9380Kb max_used=9380Kb free=110619Kb
 bounds [0x000002252d240000, 0x000002252db70000, 0x0000022534770000]
CodeHeap 'non-nmethods': size=5696Kb used=2292Kb max_used=2331Kb free=3403Kb
 bounds [0x000002252ccb0000, 0x000002252cf20000, 0x000002252d240000]
 total_blobs=5481 nmethods=4694 adapters=699
 compilation: enabled
              stopped_count=0, restarted_count=0
 full_count=0

Compilation events (20 events):
Event: 61.799 Thread 0x0000022543550000 nmethod 4520 0x000002252db28410 code [0x000002252db28600, 0x000002252db289a8]
Event: 61.799 Thread 0x0000022543550000 4516       3       org.gradle.api.internal.filestore.DefaultArtifactIdentifierFileStore$1::determineGroup (9 bytes)
Event: 61.800 Thread 0x0000022543550000 nmethod 4516 0x000002252db28a90 code [0x000002252db28c60, 0x000002252db28ea8]
Event: 62.154 Thread 0x0000022543541800 4521       4       java.io.WinNTFileSystem::prefixLength (91 bytes)
Event: 62.156 Thread 0x0000022543550000 4522       3       org.gradle.internal.component.external.model.maven.DefaultMavenModuleResolveMetadata::populateConfigurationFromDescriptor (34 bytes)
Event: 62.158 Thread 0x0000022543550000 nmethod 4522 0x000002252db28f90 code [0x000002252db291c0, 0x000002252db29908]
Event: 62.158 Thread 0x0000022543550000 4523       3       org.gradle.internal.component.external.model.AbstractLazyModuleComponentResolveMetadata::populateConfigurationFromDescriptor (56 bytes)
Event: 62.160 Thread 0x0000022543550000 nmethod 4523 0x000002252db29b10 code [0x000002252db29d00, 0x000002252db2a268]
Event: 62.160 Thread 0x0000022543550000 4524       3       org.gradle.internal.component.external.model.AbstractLazyModuleComponentResolveMetadata::constructHierarchy (39 bytes)
Event: 62.162 Thread 0x0000022543550000 nmethod 4524 0x000002252db2a410 code [0x000002252db2a6a0, 0x000002252db2b358]
Event: 62.163 Thread 0x0000022543550000 4525       3       org.gradle.internal.component.external.model.maven.DefaultMavenModuleResolveMetadata::createConfiguration (54 bytes)
Event: 62.164 Thread 0x0000022543550000 nmethod 4525 0x000002252db2b790 code [0x000002252db2b9a0, 0x000002252db2c008]
Event: 62.165 Thread 0x0000022543550000 4526       3       org.gradle.internal.component.external.model.maven.DefaultMavenModuleResolveMetadata::getArtifactsForConfiguration (95 bytes)
Event: 62.168 Thread 0x0000022543550000 nmethod 4526 0x000002252db2c290 code [0x000002252db2c560, 0x000002252db2d468]
Event: 62.168 Thread 0x0000022543550000 4527       3       org.gradle.internal.component.model.DefaultIvyArtifactName::<init> (9 bytes)
Event: 62.169 Thread 0x0000022543541800 nmethod 4521 0x0000022534a07d10 code [0x0000022534a07ee0, 0x0000022534a08268]
Event: 62.169 Thread 0x0000022543550000 nmethod 4527 0x000002252db2da10 code [0x000002252db2dbe0, 0x000002252db2df28]
Event: 62.262 Thread 0x0000022543541800 4528       4       com.esotericsoftware.kryo.io.Input::readString (127 bytes)
Event: 62.262 Thread 0x0000022543550000 4529       3       org.gradle.api.internal.attributes.DefaultImmutableAttributes::getIsolatableAttribute (31 bytes)
Event: 62.263 Thread 0x0000022543550000 nmethod 4529 0x000002252db2e090 code [0x000002252db2e280, 0x000002252db2e6e8]

GC Heap History (18 events):
Event: 9.222 GC heap before
{Heap before GC invocations=0 (full 0):
 garbage-first heap   total 131072K, used 20480K [0x0000000080000000, 0x0000000100000000)
  region size 1024K, 14 young (14336K), 0 survivors (0K)
 Metaspace       used 6724K, capacity 6921K, committed 7168K, reserved 1056768K
  class space    used 582K, capacity 650K, committed 768K, reserved 1048576K
}
Event: 9.231 GC heap after
{Heap after GC invocations=1 (full 0):
 garbage-first heap   total 131072K, used 8192K [0x0000000080000000, 0x0000000100000000)
  region size 1024K, 2 young (2048K), 2 survivors (2048K)
 Metaspace       used 6724K, capacity 6921K, committed 7168K, reserved 1056768K
  class space    used 582K, capacity 650K, committed 768K, reserved 1048576K
}
Event: 10.940 GC heap before
{Heap before GC invocations=1 (full 0):
 garbage-first heap   total 131072K, used 20480K [0x0000000080000000, 0x0000000100000000)
  region size 1024K, 14 young (14336K), 2 survivors (2048K)
 Metaspace       used 9860K, capacity 10114K, committed 10368K, reserved 1058816K
  class space    used 1028K, capacity 1102K, committed 1152K, reserved 1048576K
}
Event: 10.944 GC heap after
{Heap after GC invocations=2 (full 0):
 garbage-first heap   total 131072K, used 9080K [0x0000000080000000, 0x0000000100000000)
  region size 1024K, 2 young (2048K), 2 survivors (2048K)
 Metaspace       used 9860K, capacity 10114K, committed 10368K, reserved 1058816K
  class space    used 1028K, capacity 1102K, committed 1152K, reserved 1048576K
}
Event: 16.277 GC heap before
{Heap before GC invocations=2 (full 0):
 garbage-first heap   total 131072K, used 52088K [0x0000000080000000, 0x0000000100000000)
  region size 1024K, 44 young (45056K), 2 survivors (2048K)
 Metaspace       used 11047K, capacity 11317K, committed 11520K, reserved 1058816K
  class space    used 1170K, capacity 1247K, committed 1280K, reserved 1048576K
}
Event: 16.293 GC heap after
{Heap after GC invocations=3 (full 0):
 garbage-first heap   total 131072K, used 14222K [0x0000000080000000, 0x0000000100000000)
  region size 1024K, 6 young (6144K), 6 survivors (6144K)
 Metaspace       used 11047K, capacity 11317K, committed 11520K, reserved 1058816K
  class space    used 1170K, capacity 1247K, committed 1280K, reserved 1048576K
}
Event: 20.696 GC heap before
{Heap before GC invocations=3 (full 0):
 garbage-first heap   total 131072K, used 70542K [0x0000000080000000, 0x0000000100000000)
  region size 1024K, 61 young (62464K), 6 survivors (6144K)
 Metaspace       used 20517K, capacity 20907K, committed 21120K, reserved 1067008K
  class space    used 2526K, capacity 2678K, committed 2688K, reserved 1048576K
}
Event: 20.705 GC heap after
{Heap after GC invocations=4 (full 0):
 garbage-first heap   total 131072K, used 17405K [0x0000000080000000, 0x0000000100000000)
  region size 1024K, 8 young (8192K), 8 survivors (8192K)
 Metaspace       used 20517K, capacity 20907K, committed 21120K, reserved 1067008K
  class space    used 2526K, capacity 2678K, committed 2688K, reserved 1048576K
}
Event: 20.934 GC heap before
{Heap before GC invocations=4 (full 0):
 garbage-first heap   total 131072K, used 18429K [0x0000000080000000, 0x0000000100000000)
  region size 1024K, 10 young (10240K), 8 survivors (8192K)
 Metaspace       used 20726K, capacity 21134K, committed 21248K, reserved 1067008K
  class space    used 2550K, capacity 2711K, committed 2816K, reserved 1048576K
}
Event: 20.941 GC heap after
{Heap after GC invocations=5 (full 0):
 garbage-first heap   total 131072K, used 17621K [0x0000000080000000, 0x0000000100000000)
  region size 1024K, 4 young (4096K), 4 survivors (4096K)
 Metaspace       used 20726K, capacity 21134K, committed 21248K, reserved 1067008K
  class space    used 2550K, capacity 2711K, committed 2816K, reserved 1048576K
}
Event: 26.716 GC heap before
{Heap before GC invocations=6 (full 0):
 garbage-first heap   total 131072K, used 73941K [0x0000000080000000, 0x0000000100000000)
  region size 1024K, 59 young (60416K), 4 survivors (4096K)
 Metaspace       used 26869K, capacity 27425K, committed 27648K, reserved 1073152K
  class space    used 3504K, capacity 3733K, committed 3840K, reserved 1048576K
}
Event: 26.729 GC heap after
{Heap after GC invocations=7 (full 0):
 garbage-first heap   total 131072K, used 19645K [0x0000000080000000, 0x0000000100000000)
  region size 1024K, 6 young (6144K), 6 survivors (6144K)
 Metaspace       used 26869K, capacity 27425K, committed 27648K, reserved 1073152K
  class space    used 3504K, capacity 3733K, committed 3840K, reserved 1048576K
}
Event: 28.863 GC heap before
{Heap before GC invocations=7 (full 0):
 garbage-first heap   total 131072K, used 72893K [0x0000000080000000, 0x0000000100000000)
  region size 1024K, 59 young (60416K), 6 survivors (6144K)
 Metaspace       used 34957K, capacity 35783K, committed 35840K, reserved 1081344K
  class space    used 4540K, capacity 4839K, committed 4864K, reserved 1048576K
}
Event: 28.879 GC heap after
{Heap after GC invocations=8 (full 0):
 garbage-first heap   total 131072K, used 22962K [0x0000000080000000, 0x0000000100000000)
  region size 1024K, 6 young (6144K), 6 survivors (6144K)
 Metaspace       used 34957K, capacity 35783K, committed 35840K, reserved 1081344K
  class space    used 4540K, capacity 4839K, committed 4864K, reserved 1048576K
}
Event: 30.355 GC heap before
{Heap before GC invocations=9 (full 0):
 garbage-first heap   total 131072K, used 85426K [0x0000000080000000, 0x0000000100000000)
  region size 1024K, 65 young (66560K), 6 survivors (6144K)
 Metaspace       used 39815K, capacity 40770K, committed 41088K, reserved 1085440K
  class space    used 5104K, capacity 5431K, committed 5504K, reserved 1048576K
}
Event: 30.370 GC heap after
{Heap after GC invocations=10 (full 0):
 garbage-first heap   total 131072K, used 28135K [0x0000000080000000, 0x0000000100000000)
  region size 1024K, 9 young (9216K), 9 survivors (9216K)
 Metaspace       used 39815K, capacity 40770K, committed 41088K, reserved 1085440K
  class space    used 5104K, capacity 5431K, committed 5504K, reserved 1048576K
}
Event: 33.091 GC heap before
{Heap before GC invocations=10 (full 0):
 garbage-first heap   total 131072K, used 89575K [0x0000000080000000, 0x0000000100000000)
  region size 1024K, 69 young (70656K), 9 survivors (9216K)
 Metaspace       used 45361K, capacity 46404K, committed 46464K, reserved 1089536K
  class space    used 5843K, capacity 6235K, committed 6272K, reserved 1048576K
}
Event: 33.106 GC heap after
{Heap after GC invocations=11 (full 0):
 garbage-first heap   total 131072K, used 30018K [0x0000000080000000, 0x0000000100000000)
  region size 1024K, 3 young (3072K), 3 survivors (3072K)
 Metaspace       used 45361K, capacity 46404K, committed 46464K, reserved 1089536K
  class space    used 5843K, capacity 6235K, committed 6272K, reserved 1048576K
}

Deoptimization events (20 events):
Event: 32.385 Thread 0x0000022544d6a000 DEOPT PACKING pc=0x00000225347ffb0c sp=0x000000cc383f9040
Event: 32.385 Thread 0x0000022544d6a000 DEOPT UNPACKING pc=0x000002252ccfa1af sp=0x000000cc383f8fd0 mode 2
Event: 32.385 Thread 0x0000022544d6a000 Uncommon trap: trap_request=0xffffff4d fr.pc=0x00000225347cb9d4 relative=0x0000000000000114
Event: 32.385 Thread 0x0000022544d6a000 Uncommon trap: reason=unstable_if action=reinterpret pc=0x00000225347cb9d4 method=java.net.URI.match(CJJ)Z @ 45 c2
Event: 32.385 Thread 0x0000022544d6a000 DEOPT PACKING pc=0x00000225347cb9d4 sp=0x000000cc383f8db0
Event: 32.385 Thread 0x0000022544d6a000 DEOPT UNPACKING pc=0x000002252ccfa1af sp=0x000000cc383f8ce8 mode 2
Event: 32.385 Thread 0x0000022544d6a000 Uncommon trap: trap_request=0xffffff4d fr.pc=0x0000022534792d68 relative=0x0000000000000048
Event: 32.385 Thread 0x0000022544d6a000 Uncommon trap: reason=unstable_if action=reinterpret pc=0x0000022534792d68 method=java.net.URI.match(CJJ)Z @ 19 c2
Event: 32.386 Thread 0x0000022544d6a000 DEOPT PACKING pc=0x0000022534792d68 sp=0x000000cc383f8dc0
Event: 32.386 Thread 0x0000022544d6a000 DEOPT UNPACKING pc=0x000002252ccfa1af sp=0x000000cc383f8d70 mode 2
Event: 33.257 Thread 0x0000022545c38800 Uncommon trap: trap_request=0xffffffc6 fr.pc=0x0000022534919a74 relative=0x00000000000001f4
Event: 33.257 Thread 0x0000022545c38800 Uncommon trap: reason=bimorphic_or_optimized_type_check action=maybe_recompile pc=0x0000022534919a74 method=java.util.stream.Sink$ChainedReference.cancellationRequested()Z @ 4 c2
Event: 33.257 Thread 0x0000022545c38800 DEOPT PACKING pc=0x0000022534919a74 sp=0x000000cc37dfe820
Event: 33.257 Thread 0x0000022545c38800 DEOPT UNPACKING pc=0x000002252ccfa1af sp=0x000000cc37dfe750 mode 2
Event: 34.154 Thread 0x0000022544d6a000 DEOPT PACKING pc=0x000002252d80def9 sp=0x000000cc383f7f30
Event: 34.154 Thread 0x0000022544d6a000 DEOPT UNPACKING pc=0x000002252ccfa95e sp=0x000000cc383f7478 mode 0
Event: 52.711 Thread 0x0000022544d6a000 Uncommon trap: trap_request=0xffffff4d fr.pc=0x00000225349f1d00 relative=0x0000000000000be0
Event: 52.711 Thread 0x0000022544d6a000 Uncommon trap: reason=unstable_if action=reinterpret pc=0x00000225349f1d00 method=com.esotericsoftware.kryo.io.Input.readString()Ljava/lang/String; @ 38 c2
Event: 52.711 Thread 0x0000022544d6a000 DEOPT PACKING pc=0x00000225349f1d00 sp=0x000000cc383f8940
Event: 52.711 Thread 0x0000022544d6a000 DEOPT UNPACKING pc=0x000002252ccfa1af sp=0x000000cc383f8908 mode 2

Classes redefined (0 events):
No events

Internal exceptions (20 events):
Event: 31.170 Thread 0x0000022544d6a000 Implicit null exception at 0x0000022534860df4 to 0x0000022534861004
Event: 32.161 Thread 0x0000022544d6a000 Exception <a 'java/lang/ClassNotFoundException'{0x0000000085df5d38}: build_anomf7vadqerfmz1jjljxfg36BeanInfo> (0x0000000085df5d38) thrown at [./src/hotspot/share/classfile/systemDictionary.cpp, line 231]
Event: 32.164 Thread 0x0000022544d6a000 Exception <a 'java/lang/ClassNotFoundException'{0x0000000085c46030}: org/gradle/api/internal/project/ProjectScriptBeanInfo> (0x0000000085c46030) thrown at [./src/hotspot/share/classfile/systemDictionary.cpp, line 231]
Event: 32.167 Thread 0x0000022544d6a000 Exception <a 'java/lang/ClassNotFoundException'{0x0000000085c5bd90}: org/gradle/api/internal/project/ProjectScriptCustomizer> (0x0000000085c5bd90) thrown at [./src/hotspot/share/classfile/systemDictionary.cpp, line 231]
Event: 32.170 Thread 0x0000022544d6a000 Exception <a 'java/lang/ClassNotFoundException'{0x0000000085c76750}: build_anomf7vadqerfmz1jjljxfg36Customizer> (0x0000000085c76750) thrown at [./src/hotspot/share/classfile/systemDictionary.cpp, line 231]
Event: 32.182 Thread 0x0000022544d6a000 Exception <a 'java/lang/ClassNotFoundException'{0x0000000085b071a8}: org/gradle/plugin/use/internal/PluginRequestCollector$PluginDependenciesSpecImplBeanInfo> (0x0000000085b071a8) thrown at [./src/hotspot/share/classfile/systemDictionary.cpp, line 231]
Event: 32.183 Thread 0x0000022544d6a000 Exception <a 'java/lang/ClassNotFoundException'{0x0000000085b343f8}: org/gradle/plugin/use/internal/PluginRequestCollector$PluginDependenciesSpecImplCustomizer> (0x0000000085b343f8) thrown at [./src/hotspot/share/classfile/systemDictionary.cpp, line 231]
Event: 32.192 Thread 0x0000022544d6a000 Exception <a 'java/lang/ClassNotFoundException'{0x0000000085bb1988}: org/gradle/plugin/use/internal/PluginRequestCollector$PluginDependencySpecImplBeanInfo> (0x0000000085bb1988) thrown at [./src/hotspot/share/classfile/systemDictionary.cpp, line 231]
Event: 32.193 Thread 0x0000022544d6a000 Exception <a 'java/lang/ClassNotFoundException'{0x0000000085bdddb8}: org/gradle/plugin/use/internal/PluginRequestCollector$PluginDependencySpecImplCustomizer> (0x0000000085bdddb8) thrown at [./src/hotspot/share/classfile/systemDictionary.cpp, line 231]
Event: 33.124 Thread 0x0000022544d6a000 Exception <a 'java/lang/NoSuchMethodError'{0x0000000087e6ea20}: 'int java.lang.invoke.DirectMethodHandle$Holder.invokeInterface(java.lang.Object, java.lang.Object)'> (0x0000000087e6ea20) thrown at [./src/hotspot/share/interpreter/linkResolver.cpp, line 773]
Event: 33.124 Thread 0x0000022544d6a000 Exception <a 'java/lang/IncompatibleClassChangeError'{0x0000000087e72500}: Found class java.lang.Object, but interface was expected> (0x0000000087e72500) thrown at [./src/hotspot/share/interpreter/linkResolver.cpp, line 839]
Event: 34.146 Thread 0x0000022544d6a000 Exception <a 'java/lang/NoSuchMethodError'{0x0000000087689c70}: 'int java.lang.invoke.DirectMethodHandle$Holder.invokeStaticInit(java.lang.Object)'> (0x0000000087689c70) thrown at [./src/hotspot/share/interpreter/linkResolver.cpp, line 773]
Event: 34.271 Thread 0x0000022544d6a000 Exception <a 'java/lang/NoSuchMethodError'{0x0000000087354110}: 'void java.lang.invoke.DirectMethodHandle$Holder.invokeStatic(java.lang.Object, java.lang.Object, java.lang.Object, int, java.lang.Object)'> (0x0000000087354110) thrown at [./src/hotspot/share/interpreter/linkResolver.cpp, line 773]
Event: 34.736 Thread 0x0000022544d6a000 Exception <a 'java/lang/NoSuchMethodError'{0x0000000086d9c0f0}: 'java.lang.Object java.lang.invoke.DelegatingMethodHandle$Holder.reinvoke_L(java.lang.Object, java.lang.Object, java.lang.Object, java.lang.Object, java.lang.Object, java.lang.Object, java.lang.Object, java.lang.Object, java.lang.Object, java.lang.Object, java.lang.Object, java.lang.Object, java.lang.Object, java.lang.Object, java.lang.Object, java.lang.Object, java.lang.Object, java.lang.Object, java.lang.Object, java.lang.Object)'> (0x000000
Event: 34.738 Thread 0x0000022544d6a000 Exception <a 'java/lang/NoSuchMethodError'{0x0000000086da7b90}: 'java.lang.Object java.lang.invoke.DirectMethodHandle$Holder.invokeSpecial(java.lang.Object, java.lang.Object, java.lang.Object, java.lang.Object, java.lang.Object, java.lang.Object, java.lang.Object, java.lang.Object, java.lang.Object, java.lang.Object, java.lang.Object, java.lang.Object, java.lang.Object, java.lang.Object, java.lang.Object, java.lang.Object, java.lang.Object, java.lang.Object, java.lang.Object, java.lang.Object)'> (0x0000000
Event: 34.739 Thread 0x0000022544d6a000 Exception <a 'java/lang/NoSuchMethodError'{0x0000000086dadad0}: 'java.lang.Object java.lang.invoke.Invokers$Holder.invoker(java.lang.Object, java.lang.Object, java.lang.Object, java.lang.Object, java.lang.Object, java.lang.Object, java.lang.Object, java.lang.Object, java.lang.Object, java.lang.Object, java.lang.Object, java.lang.Object, java.lang.Object, java.lang.Object, java.lang.Object, java.lang.Object, java.lang.Object, java.lang.Object, java.lang.Object, java.lang.Object)'> (0x0000000086dadad0) throw
Event: 34.740 Thread 0x0000022544d6a000 Exception <a 'java/lang/NoSuchMethodError'{0x0000000086db4be0}: 'java.lang.Object java.lang.invoke.DelegatingMethodHandle$Holder.delegate(java.lang.Object, java.lang.Object, java.lang.Object, java.lang.Object, java.lang.Object, java.lang.Object, java.lang.Object, java.lang.Object, java.lang.Object, java.lang.Object, java.lang.Object, java.lang.Object, java.lang.Object, java.lang.Object, java.lang.Object, java.lang.Object, java.lang.Object, java.lang.Object, java.lang.Object, java.lang.Object)'> (0x00000000
Event: 34.758 Thread 0x0000022544d6a000 Exception <a 'java/lang/NoSuchMethodError'{0x0000000086dfc360}: 'java.lang.Object java.lang.invoke.DirectMethodHandle$Holder.invokeStatic(java.lang.Object, java.lang.Object, java.lang.Object, java.lang.Object, java.lang.Object, java.lang.Object, java.lang.Object, java.lang.Object, java.lang.Object, java.lang.Object, java.lang.Object, java.lang.Object, java.lang.Object, java.lang.Object, java.lang.Object)'> (0x0000000086dfc360) thrown at [./src/hotspot/share/interpreter/linkResolver.cpp, line 773]
Event: 34.764 Thread 0x0000022544d6a000 Exception <a 'java/lang/NoSuchMethodError'{0x0000000086c0d250}: 'java.lang.Object java.lang.invoke.DirectMethodHandle$Holder.invokeStatic(java.lang.Object, java.lang.Object, java.lang.Object, java.lang.Object, java.lang.Object, java.lang.Object, java.lang.Object, java.lang.Object, java.lang.Object, java.lang.Object, java.lang.Object, java.lang.Object, java.lang.Object, java.lang.Object, java.lang.Object, java.lang.Object)'> (0x0000000086c0d250) thrown at [./src/hotspot/share/interpreter/linkResolver.cpp, l
Event: 34.766 Thread 0x0000022544d6a000 Exception <a 'java/lang/NoSuchMethodError'{0x0000000086c1d480}: 'java.lang.Object java.lang.invoke.DelegatingMethodHandle$Holder.reinvoke_L(java.lang.Object, java.lang.Object, java.lang.Object, java.lang.Object, java.lang.Object, java.lang.Object, java.lang.Object, java.lang.Object, java.lang.Object, java.lang.Object, java.lang.Object, java.lang.Object, java.lang.Object, java.lang.Object, java.lang.Object, java.lang.Object, java.lang.Object, java.lang.Object, java.lang.Object)'> (0x0000000086c1d480) thrown

Events (20 events):
Event: 61.015 loading class org/gradle/api/internal/artifacts/ivyservice/resolveengine/excludes/factories/CachingExcludeFactory$ExcludePair
Event: 61.015 loading class org/gradle/api/internal/artifacts/ivyservice/resolveengine/excludes/factories/CachingExcludeFactory$ExcludePair done
Event: 61.016 loading class org/gradle/api/internal/artifacts/ivyservice/resolveengine/excludes/factories/CachingExcludeFactory$ExcludePair
Event: 61.016 loading class org/gradle/api/internal/artifacts/ivyservice/resolveengine/excludes/factories/CachingExcludeFactory$ExcludePair done
Event: 61.017 loading class org/gradle/api/internal/artifacts/ivyservice/resolveengine/excludes/factories/CachingExcludeFactory$ExcludePair
Event: 61.017 loading class org/gradle/api/internal/artifacts/ivyservice/resolveengine/excludes/factories/CachingExcludeFactory$ExcludePair done
Event: 61.017 loading class org/gradle/api/internal/artifacts/ivyservice/resolveengine/excludes/factories/CachingExcludeFactory
Event: 61.017 loading class org/gradle/api/internal/artifacts/ivyservice/resolveengine/excludes/factories/CachingExcludeFactory done
Event: 61.017 loading class org/gradle/api/internal/artifacts/ivyservice/resolveengine/excludes/specs/ExcludeSpec
Event: 61.017 loading class org/gradle/api/internal/artifacts/ivyservice/resolveengine/excludes/specs/ExcludeSpec done
Event: 61.017 loading class org/gradle/api/internal/artifacts/ivyservice/resolveengine/excludes/specs/ExcludeSpec
Event: 61.017 loading class org/gradle/api/internal/artifacts/ivyservice/resolveengine/excludes/specs/ExcludeSpec done
Event: 61.017 loading class org/gradle/api/internal/artifacts/ivyservice/resolveengine/excludes/factories/NormalizingExcludeFactory
Event: 61.017 loading class org/gradle/api/internal/artifacts/ivyservice/resolveengine/excludes/factories/NormalizingExcludeFactory done
Event: 62.157 loading class org/gradle/api/internal/artifacts/ivyservice/resolveengine/excludes/specs/ExcludeSpec
Event: 62.157 loading class org/gradle/api/internal/artifacts/ivyservice/resolveengine/excludes/specs/ExcludeSpec done
Event: 62.158 loading class org/gradle/api/internal/artifacts/ivyservice/resolveengine/graph/builder/EdgeState
Event: 62.158 loading class org/gradle/api/internal/artifacts/ivyservice/resolveengine/graph/builder/EdgeState done
Event: 62.159 loading class org/gradle/api/internal/artifacts/ivyservice/resolveengine/excludes/specs/ExcludeSpec
Event: 62.159 loading class org/gradle/api/internal/artifacts/ivyservice/resolveengine/excludes/specs/ExcludeSpec done


Dynamic libraries:
0x00007ff6d4460000 - 0x00007ff6d446a000 	C:\Program Files\Android\Android Studio\jre\bin\java.exe
0x00007ffc82b30000 - 0x00007ffc82d27000 	C:\WINDOWS\SYSTEM32\ntdll.dll
0x00007ffc81270000 - 0x00007ffc8132d000 	C:\WINDOWS\System32\KERNEL32.DLL
0x00007ffc804a0000 - 0x00007ffc8076d000 	C:\WINDOWS\System32\KERNELBASE.dll
0x00007ffc80810000 - 0x00007ffc80910000 	C:\WINDOWS\System32\ucrtbase.dll
0x00007ffc7b050000 - 0x00007ffc7b069000 	C:\Program Files\Android\Android Studio\jre\bin\jli.dll
0x00007ffc80e10000 - 0x00007ffc80fb0000 	C:\WINDOWS\System32\USER32.dll
0x00007ffc70af0000 - 0x00007ffc70b07000 	C:\Program Files\Android\Android Studio\jre\bin\VCRUNTIME140.dll
0x00007ffc80400000 - 0x00007ffc80422000 	C:\WINDOWS\System32\win32u.dll
0x00007ffc80cc0000 - 0x00007ffc80cea000 	C:\WINDOWS\System32\GDI32.dll
0x00007ffc809d0000 - 0x00007ffc80adb000 	C:\WINDOWS\System32\gdi32full.dll
0x00007ffc6b890000 - 0x00007ffc6bb2a000 	C:\WINDOWS\WinSxS\amd64_microsoft.windows.common-controls_6595b64144ccf1df_6.0.19041.1110_none_60b5254171f9507e\COMCTL32.dll
0x00007ffc80770000 - 0x00007ffc8080d000 	C:\WINDOWS\System32\msvcp_win.dll
0x00007ffc811c0000 - 0x00007ffc8125e000 	C:\WINDOWS\System32\msvcrt.dll
0x00007ffc82ab0000 - 0x00007ffc82ae0000 	C:\WINDOWS\System32\IMM32.DLL
0x00007ffc498c0000 - 0x00007ffc4995d000 	C:\Program Files\Android\Android Studio\jre\bin\msvcp140.dll
0x00007ffc27120000 - 0x00007ffc27c05000 	C:\Program Files\Android\Android Studio\jre\bin\server\jvm.dll
0x00007ffc81f50000 - 0x00007ffc81ffe000 	C:\WINDOWS\System32\ADVAPI32.dll
0x00007ffc80c20000 - 0x00007ffc80cbc000 	C:\WINDOWS\System32\sechost.dll
0x00007ffc82270000 - 0x00007ffc82395000 	C:\WINDOWS\System32\RPCRT4.dll
0x00007ffc82ae0000 - 0x00007ffc82ae8000 	C:\WINDOWS\System32\PSAPI.DLL
0x00007ffc6bb70000 - 0x00007ffc6bb97000 	C:\WINDOWS\SYSTEM32\WINMM.dll
0x00007ffc7ce20000 - 0x00007ffc7ce29000 	C:\WINDOWS\SYSTEM32\WSOCK32.dll
0x00007ffc737e0000 - 0x00007ffc737ea000 	C:\WINDOWS\SYSTEM32\VERSION.dll
0x00007ffc81150000 - 0x00007ffc811bb000 	C:\WINDOWS\System32\WS2_32.dll
0x00007ffc7ead0000 - 0x00007ffc7eae2000 	C:\WINDOWS\SYSTEM32\kernel.appcore.dll
0x00007ffc7a970000 - 0x00007ffc7a981000 	C:\Program Files\Android\Android Studio\jre\bin\verify.dll
0x00007ffc6cca0000 - 0x00007ffc6ce84000 	C:\WINDOWS\SYSTEM32\DBGHELP.DLL
0x00007ffc6cab0000 - 0x00007ffc6cadc000 	C:\WINDOWS\SYSTEM32\dbgcore.DLL
0x00007ffc80910000 - 0x00007ffc80992000 	C:\WINDOWS\System32\bcryptPrimitives.dll
0x00007ffc7a940000 - 0x00007ffc7a969000 	C:\Program Files\Android\Android Studio\jre\bin\java.dll
0x00007ffc7ce10000 - 0x00007ffc7ce1b000 	C:\Program Files\Android\Android Studio\jre\bin\jimage.dll
0x00007ffc7a6e0000 - 0x00007ffc7a6f8000 	C:\Program Files\Android\Android Studio\jre\bin\zip.dll
0x00007ffc81390000 - 0x00007ffc81ad4000 	C:\WINDOWS\System32\SHELL32.dll
0x00007ffc7e330000 - 0x00007ffc7eac4000 	C:\WINDOWS\SYSTEM32\windows.storage.dll
0x00007ffc81bf0000 - 0x00007ffc81f44000 	C:\WINDOWS\System32\combase.dll
0x00007ffc7fcb0000 - 0x00007ffc7fcdc000 	C:\WINDOWS\SYSTEM32\Wldp.dll
0x00007ffc81b40000 - 0x00007ffc81bed000 	C:\WINDOWS\System32\SHCORE.dll
0x00007ffc82000000 - 0x00007ffc82055000 	C:\WINDOWS\System32\shlwapi.dll
0x00007ffc80190000 - 0x00007ffc801af000 	C:\WINDOWS\SYSTEM32\profapi.dll
0x00007ffc7a6c0000 - 0x00007ffc7a6da000 	C:\Program Files\Android\Android Studio\jre\bin\net.dll
0x00007ffc74490000 - 0x00007ffc7459a000 	C:\WINDOWS\SYSTEM32\WINHTTP.dll
0x00007ffc7fa10000 - 0x00007ffc7fa7a000 	C:\WINDOWS\system32\mswsock.dll
0x00007ffc7a6a0000 - 0x00007ffc7a6b4000 	C:\Program Files\Android\Android Studio\jre\bin\nio.dll
0x00007ffc76260000 - 0x00007ffc76287000 	C:\Users\Christine\.gradle\native\e1d6ef7f7dcc3fd88c89a11ec53ec762bb8ba0a96d01ffa2cd45eb1d1d8dd5c5\windows-amd64\native-platform.dll
0x00007ffc23ab0000 - 0x00007ffc23bf4000 	C:\Users\Christine\.gradle\native\5664cfc778a61ccfe75a443a1ab52a65af34e5dc3c78e0209fed803814484fcb\windows-amd64\native-platform-file-events.dll
0x00007ffc7a690000 - 0x00007ffc7a69a000 	C:\Program Files\Android\Android Studio\jre\bin\management.dll
0x00007ffc7a680000 - 0x00007ffc7a68d000 	C:\Program Files\Android\Android Studio\jre\bin\management_ext.dll
0x00007ffc7fc10000 - 0x00007ffc7fc28000 	C:\WINDOWS\SYSTEM32\CRYPTSP.dll
0x00007ffc7f320000 - 0x00007ffc7f354000 	C:\WINDOWS\system32\rsaenh.dll
0x00007ffc809a0000 - 0x00007ffc809c7000 	C:\WINDOWS\System32\bcrypt.dll
0x00007ffc80110000 - 0x00007ffc8013e000 	C:\WINDOWS\SYSTEM32\USERENV.dll
0x00007ffc7fc00000 - 0x00007ffc7fc0c000 	C:\WINDOWS\SYSTEM32\CRYPTBASE.dll
0x00007ffc7f6b0000 - 0x00007ffc7f6eb000 	C:\WINDOWS\SYSTEM32\IPHLPAPI.DLL
0x00007ffc81060000 - 0x00007ffc81068000 	C:\WINDOWS\System32\NSI.dll
0x00007ffc79100000 - 0x00007ffc79117000 	C:\WINDOWS\SYSTEM32\dhcpcsvc6.DLL
0x00007ffc79140000 - 0x00007ffc7915d000 	C:\WINDOWS\SYSTEM32\dhcpcsvc.DLL
0x00007ffc7f6f0000 - 0x00007ffc7f7bb000 	C:\WINDOWS\SYSTEM32\DNSAPI.dll

dbghelp: loaded successfully - version: 4.0.5 - missing functions: none
symbol engine: initialized successfully - sym options: 0x614 - pdb path: (cannot be retrieved)

VM Arguments:
jvm_args: --add-opens=java.base/java.util=ALL-UNNAMED --add-opens=java.base/java.lang=ALL-UNNAMED --add-opens=java.base/java.lang.invoke=ALL-UNNAMED --add-opens=java.base/java.util=ALL-UNNAMED --add-opens=java.prefs/java.util.prefs=ALL-UNNAMED --add-opens=java.prefs/java.util.prefs=ALL-UNNAMED --add-opens=java.base/java.nio.charset=ALL-UNNAMED --add-opens=java.base/java.net=ALL-UNNAMED --add-opens=java.base/java.util.concurrent.atomic=ALL-UNNAMED -Xmx2048m -Dfile.encoding=UTF-8 -Duser.country=US -Duser.language=en -Duser.variant 
java_command: org.gradle.launcher.daemon.bootstrap.GradleDaemon 7.3.3
java_class_path (initial): C:\Users\Christine\.gradle\wrapper\dists\gradle-7.3.3-bin\6a41zxkdtcxs8rphpq6y0069z\gradle-7.3.3\lib\gradle-launcher-7.3.3.jar
Launcher Type: SUN_STANDARD

[Global flags]
     intx CICompilerCount                          = 3                                         {product} {ergonomic}
     uint ConcGCThreads                            = 1                                         {product} {ergonomic}
     uint G1ConcRefinementThreads                  = 4                                         {product} {ergonomic}
   size_t G1HeapRegionSize                         = 1048576                                   {product} {ergonomic}
    uintx GCDrainStackTargetSize                   = 64                                        {product} {ergonomic}
   size_t InitialHeapSize                          = 134217728                                 {product} {ergonomic}
   size_t MarkStackSize                            = 4194304                                   {product} {ergonomic}
   size_t MaxHeapSize                              = 2147483648                                {product} {command line}
   size_t MaxNewSize                               = 1287651328                                {product} {ergonomic}
   size_t MinHeapDeltaBytes                        = 1048576                                   {product} {ergonomic}
    uintx NonNMethodCodeHeapSize                   = 5830732                                {pd product} {ergonomic}
    uintx NonProfiledCodeHeapSize                  = 122913754                              {pd product} {ergonomic}
    uintx ProfiledCodeHeapSize                     = 122913754                              {pd product} {ergonomic}
    uintx ReservedCodeCacheSize                    = 251658240                              {pd product} {ergonomic}
     bool SegmentedCodeCache                       = true                                      {product} {ergonomic}
     bool UseCompressedClassPointers               = true                                 {lp64_product} {ergonomic}
     bool UseCompressedOops                        = true                                 {lp64_product} {ergonomic}
     bool UseG1GC                                  = true                                      {product} {ergonomic}
     bool UseLargePagesIndividualAllocation        = false                                  {pd product} {ergonomic}

Logging:
Log output configuration:
 #0: stdout all=warning uptime,level,tags
 #1: stderr all=off uptime,level,tags

Environment Variables:
PATH=C:\Program Files\Common Files\Oracle\Java\javapath;C:\WINDOWS\system32;C:\WINDOWS;C:\WINDOWS\System32\Wbem;C:\WINDOWS\System32\WindowsPowerShell\v1.0\;C:\WINDOWS\System32\OpenSSH\;C:\Program Files\Git\cmd;C:\Users\Christine\AppData\Local\Microsoft\WindowsApps;
USERNAME=Christine
OS=Windows_NT
PROCESSOR_IDENTIFIER=Intel64 Family 6 Model 60 Stepping 3, GenuineIntel



---------------  S Y S T E M  ---------------

OS: Windows 10 , 64 bit Build 19041 (10.0.19041.1741)
OS uptime: 1 days 5:06 hours

CPU:total 4 (initial active 4) (2 cores per cpu, 2 threads per core) family 6 model 60 stepping 3 microcode 0x28, cmov, cx8, fxsr, mmx, sse, sse2, sse3, ssse3, sse4.1, sse4.2, popcnt, avx, avx2, aes, clmul, erms, lzcnt, ht, tsc, tscinvbit, bmi1, bmi2, fma

Memory: 4k page, system-wide physical 8076M (722M free)
TotalPageFile size 22700M (AvailPageFile size 0M)
current process WorkingSet (physical memory assigned to process): 237M, peak: 266M
current process commit charge ("private bytes"): 302M, peak: 322M

vm_info: OpenJDK 64-Bit Server VM (11.0.12+7-b1504.28-7817840) for windows-amd64 JRE (11.0.12+7-b1504.28-7817840), built on Oct 13 2021 22:12:33 by "builder" with MS VC++ 14.0 (VS2015)

END.
